ï»¿2026-03-25T13:32:29 START uvicorn

(
G
e
t
âˆ’
D
a
t
e
âˆ’
F
o
r
m
a
t
s
)
E
R
R
O
R
(Getâˆ’Dateâˆ’Formats)ERROR(El tĂ©rmino 'C:\Users\teoja\OneDrive\Escritorio\Lectortarjetas.venv\Scripts\python.exe' no se reconoce como nombre de un cmdlet, funciĂ³n, archivo de script o programa ejecutable. Compruebe si escribiĂ³ correctamente el nombre o, si incluyĂ³ una ruta de acceso, compruebe que dicha ruta es correcta e intĂ©ntelo de nuevo..Exception.Message)
2026-03-25T13:32:34 START uvicorn

(
G
e
t
âˆ’
D
a
t
e
âˆ’
F
o
r
m
a
t
s
)
E
R
R
O
R
(Getâˆ’Dateâˆ’Formats)ERROR(El tĂ©rmino 'C:\Users\teoja\OneDrive\Escritorio\Lectortarjetas.venv\Scripts\python.exe' no se reconoce como nombre de un cmdlet, funciĂ³n, archivo de script o programa ejecutable. Compruebe si escribiĂ³ correctamente el nombre o, si incluyĂ³ una ruta de acceso, compruebe que dicha ruta es correcta e intĂ©ntelo de nuevo..Exception.Message)
2026-03-25T13:32:39 START uvicorn

(
G
e
t
âˆ’
D
a
t
e
âˆ’
F
o
r
m
a
t
s
)
E
R
R
O
R
(Getâˆ’Dateâˆ’Formats)ERROR(El tĂ©rmino 'C:\Users\teoja\OneDrive\Escritorio\Lectortarjetas.venv\Scripts\python.exe' no se reconoce como nombre de un cmdlet, funciĂ³n, archivo de script o programa ejecutable. Compruebe si escribiĂ³ correctamente el nombre o, si incluyĂ³ una ruta de acceso, compruebe que dicha ruta es correcta e intĂ©ntelo de nuevo..Exception.Message)
2026-03-25T13:32:44 START uvicorn

(
G
e
t
âˆ’
D
a
t
e
âˆ’
F
o
r
m
a
t
s
)
E
R
R
O
R
(Getâˆ’Dateâˆ’Formats)ERROR(El tĂ©rmino 'C:\Users\teoja\OneDrive\Escritorio\Lectortarjetas.venv\Scripts\python.exe' no se reconoce como nombre de un cmdlet, funciĂ³n, archivo de script o programa ejecutable. Compruebe si escribiĂ³ correctamente el nombre o, si incluyĂ³ una ruta de acceso, compruebe que dicha ruta es correcta e intĂ©ntelo de nuevo..Exception.Message)
2026-03-25T13:32:49 START uvicorn

(
G
e
t
âˆ’
D
a
t
e
âˆ’
F
o
r
m
a
t
s
)
E
R
R
O
R
(Getâˆ’Dateâˆ’Formats)ERROR(El tĂ©rmino 'C:\Users\teoja\OneDrive\Escritorio\Lectortarjetas.venv\Scripts\python.exe' no se reconoce como nombre de un cmdlet, funciĂ³n, archivo de script o programa ejecutable. Compruebe si escribiĂ³ correctamente el nombre o, si incluyĂ³ una ruta de acceso, compruebe que dicha ruta es correcta e intĂ©ntelo de nuevo..Exception.Message)
2026-03-25T13:32:54 START uvicorn

(
G
e
t
âˆ’
D
a
t
e
âˆ’
F
o
r
m
a
t
s
)
E
R
R
O
R
(Getâˆ’Dateâˆ’Formats)ERROR(El tĂ©rmino 'C:\Users\teoja\OneDrive\Escritorio\Lectortarjetas.venv\Scripts\python.exe' no se reconoce como nombre de un cmdlet, funciĂ³n, archivo de script o programa ejecutable. Compruebe si escribiĂ³ correctamente el nombre o, si incluyĂ³ una ruta de acceso, compruebe que dicha ruta es correcta e intĂ©ntelo de nuevo..Exception.Message)
2026-03-25T13:32:59 START uvicorn

(
G
e
t
âˆ’
D
a
t
e
âˆ’
F
o
r
m
a
t
s
)
E
R
R
O
R
(Getâˆ’Dateâˆ’Formats)ERROR(El tĂ©rmino 'C:\Users\teoja\OneDrive\Escritorio\Lectortarjetas.venv\Scripts\python.exe' no se reconoce como nombre de un cmdlet, funciĂ³n, archivo de script o programa ejecutable. Compruebe si escribiĂ³ correctamente el nombre o, si incluyĂ³ una ruta de acceso, compruebe que dicha ruta es correcta e intĂ©ntelo de nuevo..Exception.Message)
2026-03-25T13:33:04 START uvicorn

(
G
e
t
âˆ’
D
a
t
e
âˆ’
F
o
r
m
a
t
s
)
E
R
R
O
R
(Getâˆ’Dateâˆ’Formats)ERROR(El tĂ©rmino 'C:\Users\teoja\OneDrive\Escritorio\Lectortarjetas.venv\Scripts\python.exe' no se reconoce como nombre de un cmdlet, funciĂ³n, archivo de script o programa ejecutable. Compruebe si escribiĂ³ correctamente el nombre o, si incluyĂ³ una ruta de acceso, compruebe que dicha ruta es correcta e intĂ©ntelo de nuevo..Exception.Message)
2026-03-25T13:33:09 START uvicorn

(
G
e
t
âˆ’
D
a
t
e
âˆ’
F
o
r
m
a
t
s
)
E
R
R
O
R
(Getâˆ’Dateâˆ’Formats)ERROR(El tĂ©rmino 'C:\Users\teoja\OneDrive\Escritorio\Lectortarjetas.venv\Scripts\python.exe' no se reconoce como nombre de un cmdlet, funciĂ³n, archivo de script o programa ejecutable. Compruebe si escribiĂ³ correctamente el nombre o, si incluyĂ³ una ruta de acceso, compruebe que dicha ruta es correcta e intĂ©ntelo de nuevo..Exception.Message)
2026-03-25T13:33:14 START uvicorn

(
G
e
t
âˆ’
D
a
t
e
âˆ’
F
o
r
m
a
t
s
)
E
R
R
O
R
(Getâˆ’Dateâˆ’Formats)ERROR(El tĂ©rmino 'C:\Users\teoja\OneDrive\Escritorio\Lectortarjetas.venv\Scripts\python.exe' no se reconoce como nombre de un cmdlet, funciĂ³n, archivo de script o programa ejecutable. Compruebe si escribiĂ³ correctamente el nombre o, si incluyĂ³ una ruta de acceso, compruebe que dicha ruta es correcta e intĂ©ntelo de nuevo..Exception.Message)
2026-03-25T13:33:19 START uvicorn

(
G
e
t
âˆ’
D
a
t
e
âˆ’
F
o
r
m
a
t
s
)
E
R
R
O
R
(Getâˆ’Dateâˆ’Formats)ERROR(El tĂ©rmino 'C:\Users\teoja\OneDrive\Escritorio\Lectortarjetas.venv\Scripts\python.exe' no se reconoce como nombre de un cmdlet, funciĂ³n, archivo de script o programa ejecutable. Compruebe si escribiĂ³ correctamente el nombre o, si incluyĂ³ una ruta de acceso, compruebe que dicha ruta es correcta e intĂ©ntelo de nuevo..Exception.Message)
2026-03-25T13:33:24 START uvicorn

(
G
e
t
âˆ’
D
a
t
e
âˆ’
F
o
r
m
a
t
s
)
E
R
R
O
R
(Getâˆ’Dateâˆ’Formats)ERROR(El tĂ©rmino 'C:\Users\teoja\OneDrive\Escritorio\Lectortarjetas.venv\Scripts\python.exe' no se reconoce como nombre de un cmdlet, funciĂ³n, archivo de script o programa ejecutable. Compruebe si escribiĂ³ correctamente el nombre o, si incluyĂ³ una ruta de acceso, compruebe que dicha ruta es correcta e intĂ©ntelo de nuevo..Exception.Message)
2026-03-25T13:33:29 START uvicorn

(
G
e
t
âˆ’
D
a
t
e
âˆ’
F
o
r
m
a
t
s
)
E
R
R
O
R
(Getâˆ’Dateâˆ’Formats)ERROR(El tĂ©rmino 'C:\Users\teoja\OneDrive\Escritorio\Lectortarjetas.venv\Scripts\python.exe' no se reconoce como nombre de un cmdlet, funciĂ³n, archivo de script o programa ejecutable. Compruebe si escribiĂ³ correctamente el nombre o, si incluyĂ³ una ruta de acceso, compruebe que dicha ruta es correcta e intĂ©ntelo de nuevo..Exception.Message)
2026-03-25T13:33:34 START uvicorn

(
G
e
t
âˆ’
D
a
t
e
âˆ’
F
o
r
m
a
t
s
)
E
R
R
O
R
(Getâˆ’Dateâˆ’Formats)ERROR(El tĂ©rmino 'C:\Users\teoja\OneDrive\Escritorio\Lectortarjetas.venv\Scripts\python.exe' no se reconoce como nombre de un cmdlet, funciĂ³n, archivo de script o programa ejecutable. Compruebe si escribiĂ³ correctamente el nombre o, si incluyĂ³ una ruta de acceso, compruebe que dicha ruta es correcta e intĂ©ntelo de nuevo..Exception.Message)
2026-03-25T13:33:39 START uvicorn

(
G
e
t
âˆ’
D
a
t
e
âˆ’
F
o
r
m
a
t
s
)
E
R
R
O
R
(Getâˆ’Dateâˆ’Formats)ERROR(El tĂ©rmino 'C:\Users\teoja\OneDrive\Escritorio\Lectortarjetas.venv\Scripts\python.exe' no se reconoce como nombre de un cmdlet, funciĂ³n, archivo de script o programa ejecutable. Compruebe si escribiĂ³ correctamente el nombre o, si incluyĂ³ una ruta de acceso, compruebe que dicha ruta es correcta e intĂ©ntelo de nuevo..Exception.Message)
2026-03-25T13:33:44 START uvicorn

(
G
e
t
âˆ’
D
a
t
e
âˆ’
F
o
r
m
a
t
s
)
E
R
R
O
R
(Getâˆ’Dateâˆ’Formats)ERROR(El tĂ©rmino 'C:\Users\teoja\OneDrive\Escritorio\Lectortarjetas.venv\Scripts\python.exe' no se reconoce como nombre de un cmdlet, funciĂ³n, archivo de script o programa ejecutable. Compruebe si escribiĂ³ correctamente el nombre o, si incluyĂ³ una ruta de acceso, compruebe que dicha ruta es correcta e intĂ©ntelo de nuevo..Exception.Message)
2026-03-25T13:33:49 START uvicorn

(
G
e
t
âˆ’
D
a
t
e
âˆ’
F
o
r
m
a
t
s
)
E
R
R
O
R
(Getâˆ’Dateâˆ’Formats)ERROR(El tĂ©rmino 'C:\Users\teoja\OneDrive\Escritorio\Lectortarjetas.venv\Scripts\python.exe' no se reconoce como nombre de un cmdlet, funciĂ³n, archivo de script o programa ejecutable. Compruebe si escribiĂ³ correctamente el nombre o, si incluyĂ³ una ruta de acceso, compruebe que dicha ruta es correcta e intĂ©ntelo de nuevo..Exception.Message)
2026-03-25T13:33:54 START uvicorn

(
G
e
t
âˆ’
D
a
t
e
âˆ’
F
o
r
m
a
t
s
)
E
R
R
O
R
(Getâˆ’Dateâˆ’Formats)ERROR(El tĂ©rmino 'C:\Users\teoja\OneDrive\Escritorio\Lectortarjetas.venv\Scripts\python.exe' no se reconoce como nombre de un cmdlet, funciĂ³n, archivo de script o programa ejecutable. Compruebe si escribiĂ³ correctamente el nombre o, si incluyĂ³ una ruta de acceso, compruebe que dicha ruta es correcta e intĂ©ntelo de nuevo..Exception.Message)
2026-03-25T13:33:59 START uvicorn

(
G
e
t
âˆ’
D
a
t
e
âˆ’
F
o
r
m
a
t
s
)
E
R
R
O
R
(Getâˆ’Dateâˆ’Formats)ERROR(El tĂ©rmino 'C:\Users\teoja\OneDrive\Escritorio\Lectortarjetas.venv\Scripts\python.exe' no se reconoce como nombre de un cmdlet, funciĂ³n, archivo de script o programa ejecutable. Compruebe si escribiĂ³ correctamente el nombre o, si incluyĂ³ una ruta de acceso, compruebe que dicha ruta es correcta e intĂ©ntelo de nuevo..Exception.Message)
2026-03-25T13:34:04 START uvicorn

(
G
e
t
âˆ’
D
a
t
e
âˆ’
F
o
r
m
a
t
s
)
E
R
R
O
R
(Getâˆ’Dateâˆ’Formats)ERROR(El tĂ©rmino 'C:\Users\teoja\OneDrive\Escritorio\Lectortarjetas.venv\Scripts\python.exe' no se reconoce como nombre de un cmdlet, funciĂ³n, archivo de script o programa ejecutable. Compruebe si escribiĂ³ correctamente el nombre o, si incluyĂ³ una ruta de acceso, compruebe que dicha ruta es correcta e intĂ©ntelo de nuevo..Exception.Message)
2026-03-25T13:34:09 START uvicorn

(
G
e
t
âˆ’
D
a
t
e
âˆ’
F
o
r
m
a
t
s
)
E
R
R
O
R
(Getâˆ’Dateâˆ’Formats)ERROR(El tĂ©rmino 'C:\Users\teoja\OneDrive\Escritorio\Lectortarjetas.venv\Scripts\python.exe' no se reconoce como nombre de un cmdlet, funciĂ³n, archivo de script o programa ejecutable. Compruebe si escribiĂ³ correctamente el nombre o, si incluyĂ³ una ruta de acceso, compruebe que dicha ruta es correcta e intĂ©ntelo de nuevo..Exception.Message)
2026-03-25T13:34:14 START uvicorn

(
G
e
t
âˆ’
D
a
t
e
âˆ’
F
o
r
m
a
t
s
)
E
R
R
O
R
(Getâˆ’Dateâˆ’Formats)ERROR(El tĂ©rmino 'C:\Users\teoja\OneDrive\Escritorio\Lectortarjetas.venv\Scripts\python.exe' no se reconoce como nombre de un cmdlet, funciĂ³n, archivo de script o programa ejecutable. Compruebe si escribiĂ³ correctamente el nombre o, si incluyĂ³ una ruta de acceso, compruebe que dicha ruta es correcta e intĂ©ntelo de nuevo..Exception.Message)
2026-03-25T13:34:19 START uvicorn

(
G
e
t
âˆ’
D
a
t
e
âˆ’
F
o
r
m
a
t
s
)
E
R
R
O
R
(Getâˆ’Dateâˆ’Formats)ERROR(El tĂ©rmino 'C:\Users\teoja\OneDrive\Escritorio\Lectortarjetas.venv\Scripts\python.exe' no se reconoce como nombre de un cmdlet, funciĂ³n, archivo de script o programa ejecutable. Compruebe si escribiĂ³ correctamente el nombre o, si incluyĂ³ una ruta de acceso, compruebe que dicha ruta es correcta e intĂ©ntelo de nuevo..Exception.Message)
2026-03-25T13:34:24 START uvicorn

(
G
e
t
âˆ’
D
a
t
e
âˆ’
F
o
r
m
a
t
s
)
E
R
R
O
R
(Getâˆ’Dateâˆ’Formats)ERROR(El tĂ©rmino 'C:\Users\teoja\OneDrive\Escritorio\Lectortarjetas.venv\Scripts\python.exe' no se reconoce como nombre de un cmdlet, funciĂ³n, archivo de script o programa ejecutable. Compruebe si escribiĂ³ correctamente el nombre o, si incluyĂ³ una ruta de acceso, compruebe que dicha ruta es correcta e intĂ©ntelo de nuevo..Exception.Message)
2026-03-25T13:34:29 START uvicorn

(
G
e
t
âˆ’
D
a
t
e
âˆ’
F
o
r
m
a
t
s
)
E
R
R
O
R
(Getâˆ’Dateâˆ’Formats)ERROR(El tĂ©rmino 'C:\Users\teoja\OneDrive\Escritorio\Lectortarjetas.venv\Scripts\python.exe' no se reconoce como nombre de un cmdlet, funciĂ³n, archivo de script o programa ejecutable. Compruebe si escribiĂ³ correctamente el nombre o, si incluyĂ³ una ruta de acceso, compruebe que dicha ruta es correcta e intĂ©ntelo de nuevo..Exception.Message)
2026-03-25T13:34:34 START uvicorn

(
G
e
t
âˆ’
D
a
t
e
âˆ’
F
o
r
m
a
t
s
)
E
R
R
O
R
(Getâˆ’Dateâˆ’Formats)ERROR(El tĂ©rmino 'C:\Users\teoja\OneDrive\Escritorio\Lectortarjetas.venv\Scripts\python.exe' no se reconoce como nombre de un cmdlet, funciĂ³n, archivo de script o programa ejecutable. Compruebe si escribiĂ³ correctamente el nombre o, si incluyĂ³ una ruta de acceso, compruebe que dicha ruta es correcta e intĂ©ntelo de nuevo..Exception.Message)
2026-03-25T13:34:39 START uvicorn

(
G
e
t
âˆ’
D
a
t
e
âˆ’
F
o
r
m
a
t
s
)
E
R
R
O
R
(Getâˆ’Dateâˆ’Formats)ERROR(El tĂ©rmino 'C:\Users\teoja\OneDrive\Escritorio\Lectortarjetas.venv\Scripts\python.exe' no se reconoce como nombre de un cmdlet, funciĂ³n, archivo de script o programa ejecutable. Compruebe si escribiĂ³ correctamente el nombre o, si incluyĂ³ una ruta de acceso, compruebe que dicha ruta es correcta e intĂ©ntelo de nuevo..Exception.Message)
2026-03-25T13:34:44 START uvicorn

(
G
e
t
âˆ’
D
a
t
e
âˆ’
F
o
r
m
a
t
s
)
E
R
R
O
R
(Getâˆ’Dateâˆ’Formats)ERROR(El tĂ©rmino 'C:\Users\teoja\OneDrive\Escritorio\Lectortarjetas.venv\Scripts\python.exe' no se reconoce como nombre de un cmdlet, funciĂ³n, archivo de script o programa ejecutable. Compruebe si escribiĂ³ correctamente el nombre o, si incluyĂ³ una ruta de acceso, compruebe que dicha ruta es correcta e intĂ©ntelo de nuevo..Exception.Message)
2026-03-25T13:34:49 START uvicorn

(
G
e
t
âˆ’
D
a
t
e
âˆ’
F
o
r
m
a
t
s
)
E
R
R
O
R
(Getâˆ’Dateâˆ’Formats)ERROR(El tĂ©rmino 'C:\Users\teoja\OneDrive\Escritorio\Lectortarjetas.venv\Scripts\python.exe' no se reconoce como nombre de un cmdlet, funciĂ³n, archivo de script o programa ejecutable. Compruebe si escribiĂ³ correctamente el nombre o, si incluyĂ³ una ruta de acceso, compruebe que dicha ruta es correcta e intĂ©ntelo de nuevo..Exception.Message)
2026-03-25T13:34:54 START uvicorn

(
G
e
t
âˆ’
D
a
t
e
âˆ’
F
o
r
m
a
t
s
)
E
R
R
O
R
(Getâˆ’Dateâˆ’Formats)ERROR(El tĂ©rmino 'C:\Users\teoja\OneDrive\Escritorio\Lectortarjetas.venv\Scripts\python.exe' no se reconoce como nombre de un cmdlet, funciĂ³n, archivo de script o programa ejecutable. Compruebe si escribiĂ³ correctamente el nombre o, si incluyĂ³ una ruta de acceso, compruebe que dicha ruta es correcta e intĂ©ntelo de nuevo..Exception.Message)
2026-03-25T13:34:59 START uvicorn

(
G
e
t
âˆ’
D
a
t
e
âˆ’
F
o
r
m
a
t
s
)
E
R
R
O
R
(Getâˆ’Dateâˆ’Formats)ERROR(El tĂ©rmino 'C:\Users\teoja\OneDrive\Escritorio\Lectortarjetas.venv\Scripts\python.exe' no se reconoce como nombre de un cmdlet, funciĂ³n, archivo de script o programa ejecutable. Compruebe si escribiĂ³ correctamente el nombre o, si incluyĂ³ una ruta de acceso, compruebe que dicha ruta es correcta e intĂ©ntelo de nuevo..Exception.Message)
2026-03-25T13:35:04 START uvicorn

(
G
e
t
âˆ’
D
a
t
e
âˆ’
F
o
r
m
a
t
s
)
E
R
R
O
R
(Getâˆ’Dateâˆ’Formats)ERROR(El tĂ©rmino 'C:\Users\teoja\OneDrive\Escritorio\Lectortarjetas.venv\Scripts\python.exe' no se reconoce como nombre de un cmdlet, funciĂ³n, archivo de script o programa ejecutable. Compruebe si escribiĂ³ correctamente el nombre o, si incluyĂ³ una ruta de acceso, compruebe que dicha ruta es correcta e intĂ©ntelo de nuevo..Exception.Message)
2026-03-25T13:35:09 START uvicorn

(
G
e
t
âˆ’
D
a
t
e
âˆ’
F
o
r
m
a
t
s
)
E
R
R
O
R
(Getâˆ’Dateâˆ’Formats)ERROR(El tĂ©rmino 'C:\Users\teoja\OneDrive\Escritorio\Lectortarjetas.venv\Scripts\python.exe' no se reconoce como nombre de un cmdlet, funciĂ³n, archivo de script o programa ejecutable. Compruebe si escribiĂ³ correctamente el nombre o, si incluyĂ³ una ruta de acceso, compruebe que dicha ruta es correcta e intĂ©ntelo de nuevo..Exception.Message)
2026-03-25T13:35:14 START uvicorn

(
G
e
t
âˆ’
D
a
t
e
âˆ’
F
o
r
m
a
t
s
)
E
R
R
O
R
(Getâˆ’Dateâˆ’Formats)ERROR(El tĂ©rmino 'C:\Users\teoja\OneDrive\Escritorio\Lectortarjetas.venv\Scripts\python.exe' no se reconoce como nombre de un cmdlet, funciĂ³n, archivo de script o programa ejecutable. Compruebe si escribiĂ³ correctamente el nombre o, si incluyĂ³ una ruta de acceso, compruebe que dicha ruta es correcta e intĂ©ntelo de nuevo..Exception.Message)
2026-03-25T13:35:19 START uvicorn

(
G
e
t
âˆ’
D
a
t
e
âˆ’
F
o
r
m
a
t
s
)
E
R
R
O
R
(Getâˆ’Dateâˆ’Formats)ERROR(El tĂ©rmino 'C:\Users\teoja\OneDrive\Escritorio\Lectortarjetas.venv\Scripts\python.exe' no se reconoce como nombre de un cmdlet, funciĂ³n, archivo de script o programa ejecutable. Compruebe si escribiĂ³ correctamente el nombre o, si incluyĂ³ una ruta de acceso, compruebe que dicha ruta es correcta e intĂ©ntelo de nuevo..Exception.Message)
2026-03-25T13:35:24 START uvicorn

(
G
e
t
âˆ’
D
a
t
e
âˆ’
F
o
r
m
a
t
s
)
E
R
R
O
R
(Getâˆ’Dateâˆ’Formats)ERROR(El tĂ©rmino 'C:\Users\teoja\OneDrive\Escritorio\Lectortarjetas.venv\Scripts\python.exe' no se reconoce como nombre de un cmdlet, funciĂ³n, archivo de script o programa ejecutable. Compruebe si escribiĂ³ correctamente el nombre o, si incluyĂ³ una ruta de acceso, compruebe que dicha ruta es correcta e intĂ©ntelo de nuevo..Exception.Message)
2026-03-25T13:35:29 START uvicorn

(
G
e
t
âˆ’
D
a
t
e
âˆ’
F
o
r
m
a
t
s
)
E
R
R
O
R
(Getâˆ’Dateâˆ’Formats)ERROR(El tĂ©rmino 'C:\Users\teoja\OneDrive\Escritorio\Lectortarjetas.venv\Scripts\python.exe' no se reconoce como nombre de un cmdlet, funciĂ³n, archivo de script o programa ejecutable. Compruebe si escribiĂ³ correctamente el nombre o, si incluyĂ³ una ruta de acceso, compruebe que dicha ruta es correcta e intĂ©ntelo de nuevo..Exception.Message)
2026-03-25T13:35:34 START uvicorn

(
G
e
t
âˆ’
D
a
t
e
âˆ’
F
o
r
m
a
t
s
)
E
R
R
O
R
(Getâˆ’Dateâˆ’Formats)ERROR(El tĂ©rmino 'C:\Users\teoja\OneDrive\Escritorio\Lectortarjetas.venv\Scripts\python.exe' no se reconoce como nombre de un cmdlet, funciĂ³n, archivo de script o programa ejecutable. Compruebe si escribiĂ³ correctamente el nombre o, si incluyĂ³ una ruta de acceso, compruebe que dicha ruta es correcta e intĂ©ntelo de nuevo..Exception.Message)
2026-03-25T13:35:39 START uvicorn

(
G
e
t
âˆ’
D
a
t
e
âˆ’
F
o
r
m
a
t
s
)
E
R
R
O
R
(Getâˆ’Dateâˆ’Formats)ERROR(El tĂ©rmino 'C:\Users\teoja\OneDrive\Escritorio\Lectortarjetas.venv\Scripts\python.exe' no se reconoce como nombre de un cmdlet, funciĂ³n, archivo de script o programa ejecutable. Compruebe si escribiĂ³ correctamente el nombre o, si incluyĂ³ una ruta de acceso, compruebe que dicha ruta es correcta e intĂ©ntelo de nuevo..Exception.Message)
2026-03-25T13:35:44 START uvicorn

(
G
e
t
âˆ’
D
a
t
e
âˆ’
F
o
r
m
a
t
s
)
E
R
R
O
R
(Getâˆ’Dateâˆ’Formats)ERROR(El tĂ©rmino 'C:\Users\teoja\OneDrive\Escritorio\Lectortarjetas.venv\Scripts\python.exe' no se reconoce como nombre de un cmdlet, funciĂ³n, archivo de script o programa ejecutable. Compruebe si escribiĂ³ correctamente el nombre o, si incluyĂ³ una ruta de acceso, compruebe que dicha ruta es correcta e intĂ©ntelo de nuevo..Exception.Message)
2026-03-25T13:35:49 START uvicorn

(
G
e
t
âˆ’
D
a
t
e
âˆ’
F
o
r
m
a
t
s
)
E
R
R
O
R
(Getâˆ’Dateâˆ’Formats)ERROR(El tĂ©rmino 'C:\Users\teoja\OneDrive\Escritorio\Lectortarjetas.venv\Scripts\python.exe' no se reconoce como nombre de un cmdlet, funciĂ³n, archivo de script o programa ejecutable. Compruebe si escribiĂ³ correctamente el nombre o, si incluyĂ³ una ruta de acceso, compruebe que dicha ruta es correcta e intĂ©ntelo de nuevo..Exception.Message)
2026-03-25T13:35:54 START uvicorn

(
G
e
t
âˆ’
D
a
t
e
âˆ’
F
o
r
m
a
t
s
)
E
R
R
O
R
(Getâˆ’Dateâˆ’Formats)ERROR(El tĂ©rmino 'C:\Users\teoja\OneDrive\Escritorio\Lectortarjetas.venv\Scripts\python.exe' no se reconoce como nombre de un cmdlet, funciĂ³n, archivo de script o programa ejecutable. Compruebe si escribiĂ³ correctamente el nombre o, si incluyĂ³ una ruta de acceso, compruebe que dicha ruta es correcta e intĂ©ntelo de nuevo..Exception.Message)
2026-03-25T13:35:59 START uvicorn

(
G
e
t
âˆ’
D
a
t
e
âˆ’
F
o
r
m
a
t
s
)
E
R
R
O
R
(Getâˆ’Dateâˆ’Formats)ERROR(El tĂ©rmino 'C:\Users\teoja\OneDrive\Escritorio\Lectortarjetas.venv\Scripts\python.exe' no se reconoce como nombre de un cmdlet, funciĂ³n, archivo de script o programa ejecutable. Compruebe si escribiĂ³ correctamente el nombre o, si incluyĂ³ una ruta de acceso, compruebe que dicha ruta es correcta e intĂ©ntelo de nuevo..Exception.Message)
2026-03-25T13:36:04 START uvicorn

(
G
e
t
âˆ’
D
a
t
e
âˆ’
F
o
r
m
a
t
s
)
E
R
R
O
R
(Getâˆ’Dateâˆ’Formats)ERROR(El tĂ©rmino 'C:\Users\teoja\OneDrive\Escritorio\Lectortarjetas.venv\Scripts\python.exe' no se reconoce como nombre de un cmdlet, funciĂ³n, archivo de script o programa ejecutable. Compruebe si escribiĂ³ correctamente el nombre o, si incluyĂ³ una ruta de acceso, compruebe que dicha ruta es correcta e intĂ©ntelo de nuevo..Exception.Message)
2026-03-25T13:36:09 START uvicorn

(
G
e
t
âˆ’
D
a
t
e
âˆ’
F
o
r
m
a
t
s
)
E
R
R
O
R
(Getâˆ’Dateâˆ’Formats)ERROR(El tĂ©rmino 'C:\Users\teoja\OneDrive\Escritorio\Lectortarjetas.venv\Scripts\python.exe' no se reconoce como nombre de un cmdlet, funciĂ³n, archivo de script o programa ejecutable. Compruebe si escribiĂ³ correctamente el nombre o, si incluyĂ³ una ruta de acceso, compruebe que dicha ruta es correcta e intĂ©ntelo de nuevo..Exception.Message)
2026-03-25T13:36:14 START uvicorn

(
G
e
t
âˆ’
D
a
t
e
âˆ’
F
o
r
m
a
t
s
)
E
R
R
O
R
(Getâˆ’Dateâˆ’Formats)ERROR(El tĂ©rmino 'C:\Users\teoja\OneDrive\Escritorio\Lectortarjetas.venv\Scripts\python.exe' no se reconoce como nombre de un cmdlet, funciĂ³n, archivo de script o programa ejecutable. Compruebe si escribiĂ³ correctamente el nombre o, si incluyĂ³ una ruta de acceso, compruebe que dicha ruta es correcta e intĂ©ntelo de nuevo..Exception.Message)
2026-03-25T13:36:19 START uvicorn

(
G
e
t
âˆ’
D
a
t
e
âˆ’
F
o
r
m
a
t
s
)
E
R
R
O
R
(Getâˆ’Dateâˆ’Formats)ERROR(El tĂ©rmino 'C:\Users\teoja\OneDrive\Escritorio\Lectortarjetas.venv\Scripts\python.exe' no se reconoce como nombre de un cmdlet, funciĂ³n, archivo de script o programa ejecutable. Compruebe si escribiĂ³ correctamente el nombre o, si incluyĂ³ una ruta de acceso, compruebe que dicha ruta es correcta e intĂ©ntelo de nuevo..Exception.Message)
2026-03-25T13:36:24 START uvicorn

(
G
e
t
âˆ’
D
a
t
e
âˆ’
F
o
r
m
a
t
s
)
E
R
R
O
R
(Getâˆ’Dateâˆ’Formats)ERROR(El tĂ©rmino 'C:\Users\teoja\OneDrive\Escritorio\Lectortarjetas.venv\Scripts\python.exe' no se reconoce como nombre de un cmdlet, funciĂ³n, archivo de script o programa ejecutable. Compruebe si escribiĂ³ correctamente el nombre o, si incluyĂ³ una ruta de acceso, compruebe que dicha ruta es correcta e intĂ©ntelo de nuevo..Exception.Message)
2026-03-25T13:36:29 START uvicorn

(
G
e
t
âˆ’
D
a
t
e
âˆ’
F
o
r
m
a
t
s
)
E
R
R
O
R
(Getâˆ’Dateâˆ’Formats)ERROR(El tĂ©rmino 'C:\Users\teoja\OneDrive\Escritorio\Lectortarjetas.venv\Scripts\python.exe' no se reconoce como nombre de un cmdlet, funciĂ³n, archivo de script o programa ejecutable. Compruebe si escribiĂ³ correctamente el nombre o, si incluyĂ³ una ruta de acceso, compruebe que dicha ruta es correcta e intĂ©ntelo de nuevo..Exception.Message)
2026-03-25T13:36:34 START uvicorn

(
G
e
t
âˆ’
D
a
t
e
âˆ’
F
o
r
m
a
t
s
)
E
R
R
O
R
(Getâˆ’Dateâˆ’Formats)ERROR(El tĂ©rmino 'C:\Users\teoja\OneDrive\Escritorio\Lectortarjetas.venv\Scripts\python.exe' no se reconoce como nombre de un cmdlet, funciĂ³n, archivo de script o programa ejecutable. Compruebe si escribiĂ³ correctamente el nombre o, si incluyĂ³ una ruta de acceso, compruebe que dicha ruta es correcta e intĂ©ntelo de nuevo..Exception.Message)
2026-03-25T13:36:39 START uvicorn

(
G
e
t
âˆ’
D
a
t
e
âˆ’
F
o
r
m
a
t
s
)
E
R
R
O
R
(Getâˆ’Dateâˆ’Formats)ERROR(El tĂ©rmino 'C:\Users\teoja\OneDrive\Escritorio\Lectortarjetas.venv\Scripts\python.exe' no se reconoce como nombre de un cmdlet, funciĂ³n, archivo de script o programa ejecutable. Compruebe si escribiĂ³ correctamente el nombre o, si incluyĂ³ una ruta de acceso, compruebe que dicha ruta es correcta e intĂ©ntelo de nuevo..Exception.Message)
2026-03-25T13:36:44 START uvicorn

(
G
e
t
âˆ’
D
a
t
e
âˆ’
F
o
r
m
a
t
s
)
E
R
R
O
R
(Getâˆ’Dateâˆ’Formats)ERROR(El tĂ©rmino 'C:\Users\teoja\OneDrive\Escritorio\Lectortarjetas.venv\Scripts\python.exe' no se reconoce como nombre de un cmdlet, funciĂ³n, archivo de script o programa ejecutable. Compruebe si escribiĂ³ correctamente el nombre o, si incluyĂ³ una ruta de acceso, compruebe que dicha ruta es correcta e intĂ©ntelo de nuevo..Exception.Message)
2026-03-25T13:36:49 START uvicorn

(
G
e
t
âˆ’
D
a
t
e
âˆ’
F
o
r
m
a
t
s
)
E
R
R
O
R
(Getâˆ’Dateâˆ’Formats)ERROR(El tĂ©rmino 'C:\Users\teoja\OneDrive\Escritorio\Lectortarjetas.venv\Scripts\python.exe' no se reconoce como nombre de un cmdlet, funciĂ³n, archivo de script o programa ejecutable. Compruebe si escribiĂ³ correctamente el nombre o, si incluyĂ³ una ruta de acceso, compruebe que dicha ruta es correcta e intĂ©ntelo de nuevo..Exception.Message)
2026-03-25T13:36:54 START uvicorn

(
G
e
t
âˆ’
D
a
t
e
âˆ’
F
o
r
m
a
t
s
)
E
R
R
O
R
(Getâˆ’Dateâˆ’Formats)ERROR(El tĂ©rmino 'C:\Users\teoja\OneDrive\Escritorio\Lectortarjetas.venv\Scripts\python.exe' no se reconoce como nombre de un cmdlet, funciĂ³n, archivo de script o programa ejecutable. Compruebe si escribiĂ³ correctamente el nombre o, si incluyĂ³ una ruta de acceso, compruebe que dicha ruta es correcta e intĂ©ntelo de nuevo..Exception.Message)
2026-03-25T13:36:59 START uvicorn

(
G
e
t
âˆ’
D
a
t
e
âˆ’
F
o
r
m
a
t
s
)
E
R
R
O
R
(Getâˆ’Dateâˆ’Formats)ERROR(El tĂ©rmino 'C:\Users\teoja\OneDrive\Escritorio\Lectortarjetas.venv\Scripts\python.exe' no se reconoce como nombre de un cmdlet, funciĂ³n, archivo de script o programa ejecutable. Compruebe si escribiĂ³ correctamente el nombre o, si incluyĂ³ una ruta de acceso, compruebe que dicha ruta es correcta e intĂ©ntelo de nuevo..Exception.Message)
2026-03-25T13:37:04 START uvicorn

(
G
e
t
âˆ’
D
a
t
e
âˆ’
F
o
r
m
a
t
s
)
E
R
R
O
R
(Getâˆ’Dateâˆ’Formats)ERROR(El tĂ©rmino 'C:\Users\teoja\OneDrive\Escritorio\Lectortarjetas.venv\Scripts\python.exe' no se reconoce como nombre de un cmdlet, funciĂ³n, archivo de script o programa ejecutable. Compruebe si escribiĂ³ correctamente el nombre o, si incluyĂ³ una ruta de acceso, compruebe que dicha ruta es correcta e intĂ©ntelo de nuevo..Exception.Message)
2026-03-25T13:37:09 START uvicorn

(
G
e
t
âˆ’
D
a
t
e
âˆ’
F
o
r
m
a
t
s
)
E
R
R
O
R
(Getâˆ’Dateâˆ’Formats)ERROR(El tĂ©rmino 'C:\Users\teoja\OneDrive\Escritorio\Lectortarjetas.venv\Scripts\python.exe' no se reconoce como nombre de un cmdlet, funciĂ³n, archivo de script o programa ejecutable. Compruebe si escribiĂ³ correctamente el nombre o, si incluyĂ³ una ruta de acceso, compruebe que dicha ruta es correcta e intĂ©ntelo de nuevo..Exception.Message)
2026-03-25T13:37:14 START uvicorn

(
G
e
t
âˆ’
D
a
t
e
âˆ’
F
o
r
m
a
t
s
)
E
R
R
O
R
(Getâˆ’Dateâˆ’Formats)ERROR(El tĂ©rmino 'C:\Users\teoja\OneDrive\Escritorio\Lectortarjetas.venv\Scripts\python.exe' no se reconoce como nombre de un cmdlet, funciĂ³n, archivo de script o programa ejecutable. Compruebe si escribiĂ³ correctamente el nombre o, si incluyĂ³ una ruta de acceso, compruebe que dicha ruta es correcta e intĂ©ntelo de nuevo..Exception.Message)
2026-03-25T13:37:19 START uvicorn

(
G
e
t
âˆ’
D
a
t
e
âˆ’
F
o
r
m
a
t
s
)
E
R
R
O
R
(Getâˆ’Dateâˆ’Formats)ERROR(El tĂ©rmino 'C:\Users\teoja\OneDrive\Escritorio\Lectortarjetas.venv\Scripts\python.exe' no se reconoce como nombre de un cmdlet, funciĂ³n, archivo de script o programa ejecutable. Compruebe si escribiĂ³ correctamente el nombre o, si incluyĂ³ una ruta de acceso, compruebe que dicha ruta es correcta e intĂ©ntelo de nuevo..Exception.Message)
2026-03-25T13:37:24 START uvicorn

(
G
e
t
âˆ’
D
a
t
e
âˆ’
F
o
r
m
a
t
s
)
E
R
R
O
R
(Getâˆ’Dateâˆ’Formats)ERROR(El tĂ©rmino 'C:\Users\teoja\OneDrive\Escritorio\Lectortarjetas.venv\Scripts\python.exe' no se reconoce como nombre de un cmdlet, funciĂ³n, archivo de script o programa ejecutable. Compruebe si escribiĂ³ correctamente el nombre o, si incluyĂ³ una ruta de acceso, compruebe que dicha ruta es correcta e intĂ©ntelo de nuevo..Exception.Message)
2026-03-25T13:37:29 START uvicorn

(
G
e
t
âˆ’
D
a
t
e
âˆ’
F
o
r
m
a
t
s
)
E
R
R
O
R
(Getâˆ’Dateâˆ’Formats)ERROR(El tĂ©rmino 'C:\Users\teoja\OneDrive\Escritorio\Lectortarjetas.venv\Scripts\python.exe' no se reconoce como nombre de un cmdlet, funciĂ³n, archivo de script o programa ejecutable. Compruebe si escribiĂ³ correctamente el nombre o, si incluyĂ³ una ruta de acceso, compruebe que dicha ruta es correcta e intĂ©ntelo de nuevo..Exception.Message)
2026-03-25T13:37:34 START uvicorn

(
G
e
t
âˆ’
D
a
t
e
âˆ’
F
o
r
m
a
t
s
)
E
R
R
O
R
(Getâˆ’Dateâˆ’Formats)ERROR(El tĂ©rmino 'C:\Users\teoja\OneDrive\Escritorio\Lectortarjetas.venv\Scripts\python.exe' no se reconoce como nombre de un cmdlet, funciĂ³n, archivo de script o programa ejecutable. Compruebe si escribiĂ³ correctamente el nombre o, si incluyĂ³ una ruta de acceso, compruebe que dicha ruta es correcta e intĂ©ntelo de nuevo..Exception.Message)
2026-03-25T13:37:39 START uvicorn

(
G
e
t
âˆ’
D
a
t
e
âˆ’
F
o
r
m
a
t
s
)
E
R
R
O
R
(Getâˆ’Dateâˆ’Formats)ERROR(El tĂ©rmino 'C:\Users\teoja\OneDrive\Escritorio\Lectortarjetas.venv\Scripts\python.exe' no se reconoce como nombre de un cmdlet, funciĂ³n, archivo de script o programa ejecutable. Compruebe si escribiĂ³ correctamente el nombre o, si incluyĂ³ una ruta de acceso, compruebe que dicha ruta es correcta e intĂ©ntelo de nuevo..Exception.Message)
2026-03-25T13:37:44 START uvicorn

(
G
e
t
âˆ’
D
a
t
e
âˆ’
F
o
r
m
a
t
s
)
E
R
R
O
R
(Getâˆ’Dateâˆ’Formats)ERROR(El tĂ©rmino 'C:\Users\teoja\OneDrive\Escritorio\Lectortarjetas.venv\Scripts\python.exe' no se reconoce como nombre de un cmdlet, funciĂ³n, archivo de script o programa ejecutable. Compruebe si escribiĂ³ correctamente el nombre o, si incluyĂ³ una ruta de acceso, compruebe que dicha ruta es correcta e intĂ©ntelo de nuevo..Exception.Message)
2026-03-25T13:37:49 START uvicorn

(
G
e
t
âˆ’
D
a
t
e
âˆ’
F
o
r
m
a
t
s
)
E
R
R
O
R
(Getâˆ’Dateâˆ’Formats)ERROR(El tĂ©rmino 'C:\Users\teoja\OneDrive\Escritorio\Lectortarjetas.venv\Scripts\python.exe' no se reconoce como nombre de un cmdlet, funciĂ³n, archivo de script o programa ejecutable. Compruebe si escribiĂ³ correctamente el nombre o, si incluyĂ³ una ruta de acceso, compruebe que dicha ruta es correcta e intĂ©ntelo de nuevo..Exception.Message)
2026-03-25T13:37:54 START uvicorn

(
G
e
t
âˆ’
D
a
t
e
âˆ’
F
o
r
m
a
t
s
)
E
R
R
O
R
(Getâˆ’Dateâˆ’Formats)ERROR(El tĂ©rmino 'C:\Users\teoja\OneDrive\Escritorio\Lectortarjetas.venv\Scripts\python.exe' no se reconoce como nombre de un cmdlet, funciĂ³n, archivo de script o programa ejecutable. Compruebe si escribiĂ³ correctamente el nombre o, si incluyĂ³ una ruta de acceso, compruebe que dicha ruta es correcta e intĂ©ntelo de nuevo..Exception.Message)
2026-03-25T13:37:59 START uvicorn

(
G
e
t
âˆ’
D
a
t
e
âˆ’
F
o
r
m
a
t
s
)
E
R
R
O
R
(Getâˆ’Dateâˆ’Formats)ERROR(El tĂ©rmino 'C:\Users\teoja\OneDrive\Escritorio\Lectortarjetas.venv\Scripts\python.exe' no se reconoce como nombre de un cmdlet, funciĂ³n, archivo de script o programa ejecutable. Compruebe si escribiĂ³ correctamente el nombre o, si incluyĂ³ una ruta de acceso, compruebe que dicha ruta es correcta e intĂ©ntelo de nuevo..Exception.Message)
2026-03-25T13:38:04 START uvicorn

(
G
e
t
âˆ’
D
a
t
e
âˆ’
F
o
r
m
a
t
s
)
E
R
R
O
R
(Getâˆ’Dateâˆ’Formats)ERROR(El tĂ©rmino 'C:\Users\teoja\OneDrive\Escritorio\Lectortarjetas.venv\Scripts\python.exe' no se reconoce como nombre de un cmdlet, funciĂ³n, archivo de script o programa ejecutable. Compruebe si escribiĂ³ correctamente el nombre o, si incluyĂ³ una ruta de acceso, compruebe que dicha ruta es correcta e intĂ©ntelo de nuevo..Exception.Message)
2026-03-25T13:38:09 START uvicorn

(
G
e
t
âˆ’
D
a
t
e
âˆ’
F
o
r
m
a
t
s
)
E
R
R
O
R
(Getâˆ’Dateâˆ’Formats)ERROR(El tĂ©rmino 'C:\Users\teoja\OneDrive\Escritorio\Lectortarjetas.venv\Scripts\python.exe' no se reconoce como nombre de un cmdlet, funciĂ³n, archivo de script o programa ejecutable. Compruebe si escribiĂ³ correctamente el nombre o, si incluyĂ³ una ruta de acceso, compruebe que dicha ruta es correcta e intĂ©ntelo de nuevo..Exception.Message)
2026-03-25T13:38:14 START uvicorn

(
G
e
t
âˆ’
D
a
t
e
âˆ’
F
o
r
m
a
t
s
)
E
R
R
O
R
(Getâˆ’Dateâˆ’Formats)ERROR(El tĂ©rmino 'C:\Users\teoja\OneDrive\Escritorio\Lectortarjetas.venv\Scripts\python.exe' no se reconoce como nombre de un cmdlet, funciĂ³n, archivo de script o programa ejecutable. Compruebe si escribiĂ³ correctamente el nombre o, si incluyĂ³ una ruta de acceso, compruebe que dicha ruta es correcta e intĂ©ntelo de nuevo..Exception.Message)
2026-03-25T13:38:19 START uvicorn

(
G
e
t
âˆ’
D
a
t
e
âˆ’
F
o
r
m
a
t
s
)
E
R
R
O
R
(Getâˆ’Dateâˆ’Formats)ERROR(El tĂ©rmino 'C:\Users\teoja\OneDrive\Escritorio\Lectortarjetas.venv\Scripts\python.exe' no se reconoce como nombre de un cmdlet, funciĂ³n, archivo de script o programa ejecutable. Compruebe si escribiĂ³ correctamente el nombre o, si incluyĂ³ una ruta de acceso, compruebe que dicha ruta es correcta e intĂ©ntelo de nuevo..Exception.Message)
2026-03-25T13:38:24 START uvicorn

(
G
e
t
âˆ’
D
a
t
e
âˆ’
F
o
r
m
a
t
s
)
E
R
R
O
R
(Getâˆ’Dateâˆ’Formats)ERROR(El tĂ©rmino 'C:\Users\teoja\OneDrive\Escritorio\Lectortarjetas.venv\Scripts\python.exe' no se reconoce como nombre de un cmdlet, funciĂ³n, archivo de script o programa ejecutable. Compruebe si escribiĂ³ correctamente el nombre o, si incluyĂ³ una ruta de acceso, compruebe que dicha ruta es correcta e intĂ©ntelo de nuevo..Exception.Message)
2026-03-25T13:38:29 START uvicorn

(
G
e
t
âˆ’
D
a
t
e
âˆ’
F
o
r
m
a
t
s
)
E
R
R
O
R
(Getâˆ’Dateâˆ’Formats)ERROR(El tĂ©rmino 'C:\Users\teoja\OneDrive\Escritorio\Lectortarjetas.venv\Scripts\python.exe' no se reconoce como nombre de un cmdlet, funciĂ³n, archivo de script o programa ejecutable. Compruebe si escribiĂ³ correctamente el nombre o, si incluyĂ³ una ruta de acceso, compruebe que dicha ruta es correcta e intĂ©ntelo de nuevo..Exception.Message)
2026-03-25T13:38:32 START uvicorn

(
G
e
t
âˆ’
D
a
t
e
âˆ’
F
o
r
m
a
t
s
)
E
R
R
O
R
(Getâˆ’Dateâˆ’Formats)ERROR(El mĂ³dulo '..venv' no pudo cargarse. Para obtener mĂ¡s informaciĂ³n, ejecute 'Import-Module ..venv'..Exception.Message)
2026-03-25T13:38:37 START uvicorn

(
G
e
t
âˆ’
D
a
t
e
âˆ’
F
o
r
m
a
t
s
)
E
R
R
O
R
(Getâˆ’Dateâˆ’Formats)ERROR(El mĂ³dulo '..venv' no pudo cargarse. Para obtener mĂ¡s informaciĂ³n, ejecute 'Import-Module ..venv'..Exception.Message)
2026-03-25T13:38:42 START uvicorn

(
G
e
t
âˆ’
D
a
t
e
âˆ’
F
o
r
m
a
t
s
)
E
R
R
O
R
(Getâˆ’Dateâˆ’Formats)ERROR(El mĂ³dulo '..venv' no pudo cargarse. Para obtener mĂ¡s informaciĂ³n, ejecute 'Import-Module ..venv'..Exception.Message)
2026-03-25T13:38:47 START uvicorn

(
G
e
t
âˆ’
D
a
t
e
âˆ’
F
o
r
m
a
t
s
)
E
R
R
O
R
(Getâˆ’Dateâˆ’Formats)ERROR(El mĂ³dulo '..venv' no pudo cargarse. Para obtener mĂ¡s informaciĂ³n, ejecute 'Import-Module ..venv'..Exception.Message)
2026-03-25T13:38:52 START uvicorn

(
G
e
t
âˆ’
D
a
t
e
âˆ’
F
o
r
m
a
t
s
)
E
R
R
O
R
(Getâˆ’Dateâˆ’Formats)ERROR(El mĂ³dulo '..venv' no pudo cargarse. Para obtener mĂ¡s informaciĂ³n, ejecute 'Import-Module ..venv'..Exception.Message)
2026-03-25T13:38:57 START uvicorn

(
G
e
t
âˆ’
D
a
t
e
âˆ’
F
o
r
m
a
t
s
)
E
R
R
O
R
(Getâˆ’Dateâˆ’Formats)ERROR(El mĂ³dulo '..venv' no pudo cargarse. Para obtener mĂ¡s informaciĂ³n, ejecute 'Import-Module ..venv'..Exception.Message)
2026-03-25T13:39:02 START uvicorn

(
G
e
t
âˆ’
D
a
t
e
âˆ’
F
o
r
m
a
t
s
)
E
R
R
O
R
(Getâˆ’Dateâˆ’Formats)ERROR(El mĂ³dulo '..venv' no pudo cargarse. Para obtener mĂ¡s informaciĂ³n, ejecute 'Import-Module ..venv'..Exception.Message)
2026-03-25T13:39:07 START uvicorn

(
G
e
t
âˆ’
D
a
t
e
âˆ’
F
o
r
m
a
t
s
)
E
R
R
O
R
(Getâˆ’Dateâˆ’Formats)ERROR(El mĂ³dulo '..venv' no pudo cargarse. Para obtener mĂ¡s informaciĂ³n, ejecute 'Import-Module ..venv'..Exception.Message)
2026-03-25T13:39:13 START uvicorn

(
G
e
t
âˆ’
D
a
t
e
âˆ’
F
o
r
m
a
t
s
)
E
R
R
O
R
(Getâˆ’Dateâˆ’Formats)ERROR(El mĂ³dulo '..venv' no pudo cargarse. Para obtener mĂ¡s informaciĂ³n, ejecute 'Import-Module ..venv'..Exception.Message)
2026-03-25T13:39:18 START uvicorn

(
G
e
t
âˆ’
D
a
t
e
âˆ’
F
o
r
m
a
t
s
)
E
R
R
O
R
(Getâˆ’Dateâˆ’Formats)ERROR(El mĂ³dulo '..venv' no pudo cargarse. Para obtener mĂ¡s informaciĂ³n, ejecute 'Import-Module ..venv'..Exception.Message)
2026-03-25T13:39:23 START uvicorn

(
G
e
t
âˆ’
D
a
t
e
âˆ’
F
o
r
m
a
t
s
)
E
R
R
O
R
(Getâˆ’Dateâˆ’Formats)ERROR(El mĂ³dulo '..venv' no pudo cargarse. Para obtener mĂ¡s informaciĂ³n, ejecute 'Import-Module ..venv'..Exception.Message)
2026-03-25T13:39:28 START uvicorn

(
G
e
t
âˆ’
D
a
t
e
âˆ’
F
o
r
m
a
t
s
)
E
R
R
O
R
(Getâˆ’Dateâˆ’Formats)ERROR(El mĂ³dulo '..venv' no pudo cargarse. Para obtener mĂ¡s informaciĂ³n, ejecute 'Import-Module ..venv'..Exception.Message)
2026-03-25T13:39:33 START uvicorn

(
G
e
t
âˆ’
D
a
t
e
âˆ’
F
o
r
m
a
t
s
)
E
R
R
O
R
(Getâˆ’Dateâˆ’Formats)ERROR(El mĂ³dulo '..venv' no pudo cargarse. Para obtener mĂ¡s informaciĂ³n, ejecute 'Import-Module ..venv'..Exception.Message)
2026-03-25T13:39:38 START uvicorn

(
G
e
t
âˆ’
D
a
t
e
âˆ’
F
o
r
m
a
t
s
)
E
R
R
O
R
(Getâˆ’Dateâˆ’Formats)ERROR(El mĂ³dulo '..venv' no pudo cargarse. Para obtener mĂ¡s informaciĂ³n, ejecute 'Import-Module ..venv'..Exception.Message)
2026-03-25T13:39:41 START uvicorn
2026-03-25T13:43:59 START uvicorn
2026-03-25T15:54:24 START uvicorn
2026-03-25T15:58:16 START uvicorn
